{"/home/florian/lab/api_git_action/server.js": {"path":"/home/florian/lab/api_git_action/server.js","statementMap":{"0":{"start":{"line":3,"column":16},"end":{"line":3,"column":34}},"1":{"start":{"line":4,"column":13},"end":{"line":4,"column":28}},"2":{"start":{"line":8,"column":12},"end":{"line":8,"column":21}},"3":{"start":{"line":10,"column":0},"end":{"line":10,"column":15}},"4":{"start":{"line":11,"column":0},"end":{"line":11,"column":23}},"5":{"start":{"line":12,"column":0},"end":{"line":12,"column":46}},"6":{"start":{"line":17,"column":0},"end":{"line":17,"column":74}},"7":{"start":{"line":17,"column":27},"end":{"line":17,"column":73}},"8":{"start":{"line":19,"column":0},"end":{"line":19,"column":58}},"9":{"start":{"line":19,"column":33},"end":{"line":19,"column":57}},"10":{"start":{"line":21,"column":0},"end":{"line":21,"column":81}},"11":{"start":{"line":21,"column":27},"end":{"line":21,"column":80}},"12":{"start":{"line":26,"column":15},"end":{"line":28,"column":2}},"13":{"start":{"line":27,"column":4},"end":{"line":27,"column":88}},"14":{"start":{"line":30,"column":0},"end":{"line":30,"column":23}}},"fnMap":{"0":{"name":"(anonymous_0)","decl":{"start":{"line":17,"column":13},"end":{"line":17,"column":14}},"loc":{"start":{"line":17,"column":27},"end":{"line":17,"column":73}},"line":17},"1":{"name":"(anonymous_1)","decl":{"start":{"line":19,"column":19},"end":{"line":19,"column":20}},"loc":{"start":{"line":19,"column":33},"end":{"line":19,"column":57}},"line":19},"2":{"name":"(anonymous_2)","decl":{"start":{"line":21,"column":13},"end":{"line":21,"column":14}},"loc":{"start":{"line":21,"column":27},"end":{"line":21,"column":80}},"line":21},"3":{"name":"(anonymous_3)","decl":{"start":{"line":26,"column":51},"end":{"line":26,"column":52}},"loc":{"start":{"line":26,"column":57},"end":{"line":28,"column":1}},"line":26}},"branchMap":{},"s":{"0":1,"1":1,"2":1,"3":1,"4":1,"5":1,"6":1,"7":1,"8":1,"9":0,"10":1,"11":0,"12":1,"13":1,"14":1},"f":{"0":1,"1":0,"2":0,"3":1},"b":{},"_coverageSchema":"1a1c01bbd47fc00a2c39e90264f33305004495a9","hash":"07eb8696e5d2c2b78fa4639991f731121a505b6c"}
}
